2017-02-22 17:21:05,286 - transaction - INFO - user:1234   action:repay    amount:10.0   interest:0.0
2017-02-22 17:21:18,384 - transaction - INFO - user:1234   action:withdraw    amount:10.0   interest:0.5
2017-02-22 17:45:46,631 - transaction - INFO - user:1234   action:repay    amount:10.0   interest:0.0
2017-02-22 17:46:09,822 - transaction - INFO - user:1234   action:repay    amount:10.0   interest:0.0
2017-02-22 17:46:30,534 - transaction - INFO - user:1234   action:withdraw    amount:10.0   interest:0.5
2017-02-23 17:13:42,517 - transaction - INFO - user:1234   action:transfer    money:200.0   interest:10.0
2017-02-23 17:29:06,198 - transaction - INFO - user:1234   action:transfer    money:200.0   interest:10.0
2017-02-24 10:05:31,128 - transaction - INFO - user:5678   action:transfer    money:200.0   interest:10.0
2017-02-24 10:05:45,949 - transaction - INFO - user:5678   action:repay    money:10.0   interest:0.0
2017-02-24 10:06:14,755 - transaction - INFO - user:5678   action:withdraw    money:10.0   interest:0.5
2017-02-27 21:58:43,546 - transaction - INFO - user:1234   action:consume    money:5.0   interest:0.0
2017-02-27 22:00:36,993 - transaction - INFO - user:1234   action:consume    money:5.0   interest:0.0
2017-02-27 22:04:54,903 - transaction - INFO - user:1234   action:consume    money:5.0   interest:0.0
2017-02-27 22:09:27,321 - transaction - INFO - user:1234   action:consume    money:5.0   interest:0.0
2017-02-27 22:13:14,551 - transaction - INFO - user:1234   action:consume    money:10.0   interest:0.0
2017-02-27 22:14:44,534 - transaction - INFO - user:1234   action:consume    money:10.0   interest:0.0
2017-02-27 22:18:44,011 - transaction - INFO - user:1234   action:consume    money:10.0   interest:0.0
2017-02-27 22:20:37,164 - transaction - INFO - user:1234   action:consume    money:10.0   interest:0.0
2017-02-27 22:23:47,728 - transaction - INFO - user:1234   action:consume    money:10.0   interest:0.0
2017-02-27 22:24:02,775 - transaction - INFO - user:1234   action:consume    money:5.0   interest:0.0
2017-02-27 23:03:21,268 - transaction - INFO - user:1234   action:consume    money:10.0   interest:0.0
2017-02-27 23:04:11,219 - transaction - INFO - user:1234   action:consume    money:10.0   interest:0.0
2017-02-27 23:04:55,061 - transaction - INFO - user:1234   action:consume    money:10.0   interest:0.0
2017-02-27 23:05:20,878 - transaction - INFO - user:1234   action:consume    money:10.0   interest:0.0
2017-02-27 23:05:42,247 - transaction - INFO - user:1234   action:consume    money:10.0   interest:0.0
2017-03-05 19:41:06,992 - transaction - INFO - user:5678   action:repay    money:11000.0   interest:0.0
2017-03-05 19:48:05,274 - transaction - INFO - user:5678   action:transfer    money:1.0   interest:0.05
2017-03-05 19:48:05,275 - transaction - INFO - user:1234   action:Receivables    money:1.0   interest:0
2017-03-05 19:52:06,431 - transaction - INFO - user:1234   action:transfer    money:1.0   interest:0.05
2017-03-05 19:52:06,432 - transaction - INFO - user:5678   action:Receivables    money:1.0   interest:0
2017-03-05 20:03:42,486 - transaction - INFO - user:1234   action:repay    money:19.0   interest:0.0
2017-03-05 20:03:52,071 - transaction - INFO - user:1234   action:withdraw    money:9.0   interest:0.45
2017-03-05 20:13:22,743 - transaction - INFO - user:1234   action:consume    money:1510.0   interest:0.0
2017-03-08 14:49:13,947 - transaction - INFO - user:5678   action:transfer    money:1.0   interest:0.05
2017-03-08 14:49:13,948 - transaction - INFO - user:1234   action:Receivables    money:1.0   interest:0
